TN:
SF:src\main.ts
FN:15,(anonymous_0)
FN:23,(anonymous_1)
FN:28,(anonymous_2)
FN:32,(anonymous_3)
FN:36,(anonymous_4)
FN:40,(anonymous_5)
FN:44,(anonymous_6)
FN:52,(anonymous_7)
FN:58,(anonymous_8)
FN:61,(anonymous_9)
FN:64,(anonymous_10)
FN:68,(anonymous_11)
FN:73,(anonymous_12)
FN:78,(anonymous_13)
FN:83,(anonymous_14)
FN:96,(anonymous_15)
FN:100,(anonymous_16)
FN:118,(anonymous_18)
FN:122,(anonymous_19)
FN:126,(anonymous_20)
FN:132,(anonymous_21)
FN:136,(anonymous_22)
FN:141,(anonymous_24)
FN:147,(anonymous_26)
FN:148,(anonymous_27)
FN:162,(anonymous_28)
FN:171,(anonymous_29)
FN:189,(anonymous_30)
FN:199,(anonymous_31)
FN:223,(anonymous_32)
FN:246,(anonymous_33)
FN:261,(anonymous_34)
FN:265,(anonymous_35)
FN:269,(anonymous_36)
FN:276,(anonymous_37)
FN:283,(anonymous_38)
FN:290,(anonymous_39)
FN:297,(anonymous_40)
FN:302,(anonymous_41)
FN:307,(anonymous_42)
FN:319,(anonymous_43)
FN:332,(anonymous_44)
FN:342,(anonymous_45)
FN:361,(anonymous_46)
FN:362,(anonymous_47)
FN:367,(anonymous_48)
FN:376,(anonymous_49)
FN:377,(anonymous_50)
FN:383,(anonymous_51)
FN:396,(anonymous_52)
FN:407,(anonymous_53)
FN:410,(anonymous_54)
FNF:52
FNH:15
FNDA:6,(anonymous_0)
FNDA:15,(anonymous_1)
FNDA:3,(anonymous_2)
FNDA:2,(anonymous_3)
FNDA:4,(anonymous_4)
FNDA:5,(anonymous_5)
FNDA:2,(anonymous_6)
FNDA:13,(anonymous_7)
FNDA:3,(anonymous_8)
FNDA:3,(anonymous_9)
FNDA:2,(anonymous_10)
FNDA:1,(anonymous_11)
FNDA:2,(anonymous_12)
FNDA:1,(anonymous_13)
FNDA:2,(anonymous_14)
FNDA:0,(anonymous_15)
FNDA:0,(anonymous_16)
FNDA:0,(anonymous_18)
FNDA:0,(anonymous_19)
FNDA:0,(anonymous_20)
FNDA:0,(anonymous_21)
FNDA:0,(anonymous_22)
FNDA:0,(anonymous_24)
FNDA:0,(anonymous_26)
FNDA:0,(anonymous_27)
FNDA:0,(anonymous_28)
FNDA:0,(anonymous_29)
FNDA:0,(anonymous_30)
FNDA:0,(anonymous_31)
FNDA:0,(anonymous_32)
FNDA:0,(anonymous_33)
FNDA:0,(anonymous_34)
FNDA:0,(anonymous_35)
FNDA:0,(anonymous_36)
FNDA:0,(anonymous_37)
FNDA:0,(anonymous_38)
FNDA:0,(anonymous_39)
FNDA:0,(anonymous_40)
FNDA:0,(anonymous_41)
FNDA:0,(anonymous_42)
FNDA:0,(anonymous_43)
FNDA:0,(anonymous_44)
FNDA:0,(anonymous_45)
FNDA:0,(anonymous_46)
FNDA:0,(anonymous_47)
FNDA:0,(anonymous_48)
FNDA:0,(anonymous_49)
FNDA:0,(anonymous_50)
FNDA:0,(anonymous_51)
FNDA:0,(anonymous_52)
FNDA:0,(anonymous_53)
FNDA:0,(anonymous_54)
DA:2,1
DA:4,1
DA:6,1
DA:7,1
DA:8,1
DA:9,1
DA:10,1
DA:11,1
DA:12,1
DA:13,1
DA:15,1
DA:16,6
DA:17,3
DA:19,3
DA:20,3
DA:23,1
DA:24,15
DA:25,15
DA:28,1
DA:29,3
DA:32,1
DA:33,2
DA:36,1
DA:37,4
DA:40,1
DA:41,5
DA:44,1
DA:45,2
DA:52,1
DA:53,13
DA:54,13
DA:55,13
DA:58,1
DA:59,3
DA:60,3
DA:61,3
DA:64,1
DA:65,2
DA:66,2
DA:67,2
DA:68,1
DA:70,1
DA:71,1
DA:73,2
DA:75,0
DA:78,1
DA:79,1
DA:80,1
DA:83,1
DA:86,2
DA:88,1
DA:90,0
DA:92,1
DA:96,1
DA:98,0
DA:101,0
DA:103,0
DA:105,0
DA:108,0
DA:111,0
DA:115,0
DA:119,0
DA:123,0
DA:127,0
DA:128,0
DA:133,0
DA:137,0
DA:138,0
DA:142,0
DA:143,0
DA:144,0
DA:148,0
DA:149,0
DA:150,0
DA:151,0
DA:152,0
DA:153,0
DA:154,0
DA:155,0
DA:156,0
DA:157,0
DA:158,0
DA:163,0
DA:165,0
DA:166,0
DA:167,0
DA:168,0
DA:171,0
DA:172,0
DA:175,0
DA:176,0
DA:177,0
DA:180,0
DA:181,0
DA:182,0
DA:183,0
DA:186,0
DA:190,0
DA:193,0
DA:195,0
DA:200,0
DA:202,0
DA:204,0
DA:205,0
DA:206,0
DA:207,0
DA:208,0
DA:209,0
DA:211,0
DA:212,0
DA:213,0
DA:214,0
DA:217,0
DA:218,0
DA:224,0
DA:225,0
DA:226,0
DA:227,0
DA:228,0
DA:229,0
DA:231,0
DA:232,0
DA:233,0
DA:236,0
DA:237,0
DA:239,0
DA:240,0
DA:241,0
DA:242,0
DA:243,0
DA:247,0
DA:262,0
DA:266,0
DA:270,0
DA:271,0
DA:273,0
DA:277,0
DA:278,0
DA:279,0
DA:280,0
DA:284,0
DA:285,0
DA:287,0
DA:291,0
DA:292,0
DA:293,0
DA:294,0
DA:298,0
DA:299,0
DA:300,0
DA:301,0
DA:302,0
DA:303,0
DA:308,0
DA:309,0
DA:310,0
DA:312,0
DA:313,0
DA:314,0
DA:315,0
DA:316,0
DA:320,0
DA:333,0
DA:334,0
DA:336,0
DA:343,0
DA:344,0
DA:345,0
DA:347,0
DA:348,0
DA:349,0
DA:350,0
DA:353,0
DA:354,0
DA:355,0
DA:358,0
DA:362,0
DA:363,0
DA:368,0
DA:369,0
DA:370,0
DA:371,0
DA:372,0
DA:373,0
DA:377,0
DA:378,0
DA:379,0
DA:380,0
DA:381,0
DA:382,0
DA:383,0
DA:384,0
DA:385,0
DA:386,0
DA:389,0
DA:390,0
DA:392,0
DA:397,0
DA:407,0
DA:411,0
LF:200
LH:52
BRDA:16,0,0,3
BRDA:24,1,0,0
BRDA:24,2,0,15
BRDA:24,2,1,15
BRDA:33,3,0,1
BRDA:33,3,1,1
BRDA:33,4,0,2
BRDA:33,4,1,2
BRDA:37,5,0,3
BRDA:37,5,1,1
BRDA:37,6,0,4
BRDA:37,6,1,4
BRDA:41,7,0,4
BRDA:41,7,1,1
BRDA:41,8,0,5
BRDA:41,8,1,5
BRDA:45,9,0,1
BRDA:45,9,1,1
BRDA:45,10,0,2
BRDA:45,10,1,2
BRDA:54,11,0,0
BRDA:55,12,0,6
BRDA:55,12,1,7
BRDA:60,13,0,0
BRDA:61,14,0,3
BRDA:61,14,1,0
BRDA:61,15,0,3
BRDA:61,15,1,3
BRDA:61,16,0,0
BRDA:61,16,1,3
BRDA:61,17,0,3
BRDA:61,17,1,3
BRDA:66,18,0,0
BRDA:67,19,0,1
BRDA:70,20,0,1
BRDA:86,21,0,1
BRDA:86,21,1,0
BRDA:86,21,2,1
BRDA:86,22,0,1
BRDA:86,22,1,1
BRDA:86,23,0,2
BRDA:86,23,1,2
BRDA:88,24,0,1
BRDA:88,24,1,0
BRDA:88,25,0,1
BRDA:88,25,1,1
BRDA:90,26,0,0
BRDA:90,26,1,0
BRDA:90,27,0,0
BRDA:90,27,1,0
BRDA:90,28,0,0
BRDA:90,28,1,0
BRDA:90,29,0,0
BRDA:90,29,1,0
BRDA:92,30,0,1
BRDA:92,30,1,0
BRDA:92,31,0,1
BRDA:92,31,1,1
BRDA:127,32,0,0
BRDA:150,33,0,0
BRDA:150,33,1,0
BRDA:150,34,0,0
BRDA:150,34,1,0
BRDA:153,35,0,0
BRDA:153,35,1,0
BRDA:153,36,0,0
BRDA:153,36,1,0
BRDA:154,37,0,0
BRDA:154,37,1,0
BRDA:154,38,0,0
BRDA:154,38,1,0
BRDA:156,39,0,0
BRDA:156,39,1,0
BRDA:156,40,0,0
BRDA:156,40,1,0
BRDA:157,41,0,0
BRDA:157,41,1,0
BRDA:157,42,0,0
BRDA:157,42,1,0
BRDA:158,43,0,0
BRDA:158,43,1,0
BRDA:158,44,0,0
BRDA:158,44,1,0
BRDA:166,45,0,0
BRDA:175,46,0,0
BRDA:175,47,0,0
BRDA:175,47,1,0
BRDA:180,48,0,0
BRDA:190,49,0,0
BRDA:190,49,1,0
BRDA:190,49,2,0
BRDA:190,50,0,0
BRDA:190,50,1,0
BRDA:190,51,0,0
BRDA:190,51,1,0
BRDA:200,52,0,0
BRDA:200,52,1,0
BRDA:200,52,2,0
BRDA:206,53,0,0
BRDA:206,54,0,0
BRDA:206,54,1,0
BRDA:206,55,0,0
BRDA:206,55,1,0
BRDA:207,56,0,0
BRDA:207,56,1,0
BRDA:207,57,0,0
BRDA:207,57,1,0
BRDA:208,58,0,0
BRDA:209,59,0,0
BRDA:209,60,0,0
BRDA:209,60,1,0
BRDA:209,61,0,0
BRDA:209,61,1,0
BRDA:209,62,0,0
BRDA:209,62,1,0
BRDA:209,63,0,0
BRDA:209,63,1,0
BRDA:211,64,0,0
BRDA:211,64,1,0
BRDA:211,65,0,0
BRDA:211,65,1,0
BRDA:211,66,0,0
BRDA:211,66,1,0
BRDA:211,67,0,0
BRDA:211,67,1,0
BRDA:212,68,0,0
BRDA:212,68,1,0
BRDA:212,69,0,0
BRDA:212,69,1,0
BRDA:213,70,0,0
BRDA:213,70,1,0
BRDA:213,71,0,0
BRDA:213,71,1,0
BRDA:217,72,0,0
BRDA:217,72,1,0
BRDA:217,73,0,0
BRDA:217,73,1,0
BRDA:231,74,0,0
BRDA:236,75,0,0
BRDA:236,75,1,0
BRDA:237,76,0,0
BRDA:237,76,1,0
BRDA:249,77,0,0
BRDA:249,77,1,0
BRDA:249,78,0,0
BRDA:249,78,1,0
BRDA:253,79,0,0
BRDA:253,79,1,0
BRDA:253,80,0,0
BRDA:253,80,1,0
BRDA:254,81,0,0
BRDA:254,81,1,0
BRDA:254,82,0,0
BRDA:254,82,1,0
BRDA:271,83,0,0
BRDA:285,84,0,0
BRDA:298,85,0,0
BRDA:309,86,0,0
BRDA:309,86,1,0
BRDA:309,87,0,0
BRDA:309,87,1,0
BRDA:310,88,0,0
BRDA:324,89,0,0
BRDA:324,89,1,0
BRDA:324,90,0,0
BRDA:324,90,1,0
BRDA:325,91,0,0
BRDA:325,91,1,0
BRDA:325,92,0,0
BRDA:325,92,1,0
BRDA:333,93,0,0
BRDA:333,94,0,0
BRDA:333,94,1,0
BRDA:333,95,0,0
BRDA:333,95,1,0
BRDA:344,96,0,0
BRDA:345,97,0,0
BRDA:349,98,0,0
BRDA:354,99,0,0
BRDA:379,100,0,0
BRDA:380,101,0,0
BRDA:380,101,1,0
BRF:182
BRH:41
end_of_record
TN:
SF:src\settingsTab.ts
FN:6,(anonymous_0)
FN:12,(anonymous_1)
FN:17,(anonymous_2)
FN:23,(anonymous_3)
FN:47,(anonymous_4)
FN:78,(anonymous_5)
FN:83,(anonymous_6)
FN:98,(anonymous_7)
FN:101,(anonymous_8)
FN:127,(anonymous_9)
FN:129,(anonymous_10)
FN:134,(anonymous_11)
FN:143,(anonymous_12)
FN:154,(anonymous_13)
FN:165,(anonymous_14)
FN:176,(anonymous_15)
FN:201,(anonymous_16)
FN:212,(anonymous_17)
FN:223,(anonymous_18)
FN:224,(anonymous_19)
FN:230,(anonymous_20)
FN:237,(anonymous_21)
FN:248,(anonymous_22)
FN:253,(anonymous_23)
FN:258,(anonymous_24)
FN:261,(anonymous_25)
FN:264,(anonymous_26)
FN:269,(anonymous_27)
FN:292,(anonymous_28)
FN:300,(anonymous_29)
FN:314,(anonymous_30)
FN:319,(anonymous_31)
FN:330,(anonymous_32)
FN:334,(anonymous_33)
FN:338,(anonymous_34)
FN:345,(anonymous_35)
FN:351,(anonymous_36)
FN:360,(anonymous_37)
FN:366,(anonymous_38)
FN:373,(anonymous_39)
FN:379,(anonymous_40)
FN:389,(anonymous_41)
FN:396,(anonymous_42)
FN:399,(anonymous_43)
FN:408,(anonymous_44)
FN:413,(anonymous_45)
FN:421,(anonymous_47)
FN:428,(anonymous_49)
FN:434,(anonymous_51)
FN:444,(anonymous_52)
FNF:50
FNH:4
FNDA:1,(anonymous_0)
FNDA:1,(anonymous_1)
FNDA:1,(anonymous_2)
FNDA:1,(anonymous_3)
FNDA:0,(anonymous_4)
FNDA:0,(anonymous_5)
FNDA:0,(anonymous_6)
FNDA:0,(anonymous_7)
FNDA:0,(anonymous_8)
FNDA:0,(anonymous_9)
FNDA:0,(anonymous_10)
FNDA:0,(anonymous_11)
FNDA:0,(anonymous_12)
FNDA:0,(anonymous_13)
FNDA:0,(anonymous_14)
FNDA:0,(anonymous_15)
FNDA:0,(anonymous_16)
FNDA:0,(anonymous_17)
FNDA:0,(anonymous_18)
FNDA:0,(anonymous_19)
FNDA:0,(anonymous_20)
FNDA:0,(anonymous_21)
FNDA:0,(anonymous_22)
FNDA:0,(anonymous_23)
FNDA:0,(anonymous_24)
FNDA:0,(anonymous_25)
FNDA:0,(anonymous_26)
FNDA:0,(anonymous_27)
FNDA:0,(anonymous_28)
FNDA:0,(anonymous_29)
FNDA:0,(anonymous_30)
FNDA:0,(anonymous_31)
FNDA:0,(anonymous_32)
FNDA:0,(anonymous_33)
FNDA:0,(anonymous_34)
FNDA:0,(anonymous_35)
FNDA:0,(anonymous_36)
FNDA:0,(anonymous_37)
FNDA:0,(anonymous_38)
FNDA:0,(anonymous_39)
FNDA:0,(anonymous_40)
FNDA:0,(anonymous_41)
FNDA:0,(anonymous_42)
FNDA:0,(anonymous_43)
FNDA:0,(anonymous_44)
FNDA:0,(anonymous_45)
FNDA:0,(anonymous_47)
FNDA:0,(anonymous_49)
FNDA:0,(anonymous_51)
FNDA:0,(anonymous_52)
DA:1,1
DA:4,1
DA:6,1
DA:7,1
DA:8,1
DA:9,1
DA:12,1
DA:13,1
DA:14,1
DA:17,1
DA:18,1
DA:19,1
DA:20,1
DA:23,1
DA:24,1
DA:25,1
DA:47,1
DA:48,0
DA:51,1
DA:75,1
DA:79,0
DA:80,0
DA:84,0
DA:85,0
DA:86,0
DA:88,0
DA:93,0
DA:94,0
DA:95,0
DA:97,0
DA:99,0
DA:102,0
DA:120,0
DA:121,0
DA:122,0
DA:128,0
DA:129,0
DA:130,0
DA:135,0
DA:136,0
DA:137,0
DA:139,0
DA:140,0
DA:144,0
DA:145,0
DA:148,0
DA:149,0
DA:155,0
DA:156,0
DA:157,0
DA:160,0
DA:161,0
DA:166,0
DA:167,0
DA:170,0
DA:171,0
DA:177,0
DA:178,0
DA:179,0
DA:182,0
DA:183,0
DA:185,0
DA:186,0
DA:187,0
DA:189,0
DA:190,0
DA:192,0
DA:195,0
DA:197,0
DA:202,0
DA:203,0
DA:204,0
DA:205,0
DA:208,0
DA:213,0
DA:214,0
DA:215,0
DA:216,0
DA:219,0
DA:220,0
DA:224,0
DA:225,0
DA:226,0
DA:231,0
DA:232,0
DA:233,0
DA:234,0
DA:238,0
DA:240,0
DA:242,0
DA:244,0
DA:249,0
DA:254,0
DA:255,0
DA:258,0
DA:259,0
DA:261,0
DA:262,0
DA:264,0
DA:265,0
DA:280,0
DA:284,0
DA:285,0
DA:286,0
DA:287,0
DA:288,0
DA:289,0
DA:290,0
DA:291,0
DA:292,0
DA:293,0
DA:294,0
DA:295,0
DA:296,0
DA:301,0
DA:303,0
DA:304,0
DA:306,0
DA:307,0
DA:309,0
DA:310,0
DA:315,0
DA:316,0
DA:320,0
DA:321,0
DA:322,0
DA:324,0
DA:325,0
DA:327,0
DA:331,0
DA:335,0
DA:339,0
DA:340,0
DA:341,0
DA:343,0
DA:346,0
DA:347,0
DA:348,0
DA:351,0
DA:352,0
DA:353,0
DA:354,0
DA:355,0
DA:361,0
DA:362,0
DA:364,0
DA:367,0
DA:368,0
DA:371,0
DA:374,0
DA:375,0
DA:380,0
DA:385,0
DA:390,0
DA:391,0
DA:392,0
DA:397,0
DA:398,0
DA:399,0
DA:400,0
DA:401,0
DA:402,0
DA:405,0
DA:409,0
DA:414,0
DA:415,0
DA:416,0
DA:417,0
DA:418,0
DA:422,0
DA:423,0
DA:424,0
DA:425,0
DA:429,0
DA:430,0
DA:435,0
DA:440,0
DA:441,0
DA:445,0
DA:446,0
DA:447,0
DA:448,0
DA:449,0
DA:450,0
DA:451,0
DA:452,0
LF:186
LH:19
BRDA:6,0,0,1
BRDA:6,0,1,1
BRDA:12,1,0,1
BRDA:12,1,1,1
BRDA:17,2,0,1
BRDA:17,2,1,1
BRDA:23,3,0,1
BRDA:23,3,1,1
BRDA:164,4,0,0
BRDA:164,4,1,0
BRDA:164,5,0,0
BRDA:164,5,1,0
BRDA:175,6,0,0
BRDA:175,6,1,0
BRDA:175,7,0,0
BRDA:175,7,1,0
BRDA:185,8,0,0
BRDA:185,8,1,0
BRDA:185,9,0,0
BRDA:185,9,1,0
BRDA:185,10,0,0
BRDA:185,10,1,0
BRDA:230,11,0,0
BRDA:231,12,0,0
BRDA:231,12,1,0
BRDA:238,13,0,0
BRDA:238,13,1,0
BRDA:238,13,2,0
BRDA:252,14,0,0
BRDA:252,14,1,0
BRDA:252,15,0,0
BRDA:252,15,1,0
BRDA:258,16,0,0
BRDA:258,16,1,0
BRDA:258,17,0,0
BRDA:258,17,1,0
BRDA:261,18,0,0
BRDA:261,18,1,0
BRDA:261,19,0,0
BRDA:261,19,1,0
BRDA:264,20,0,0
BRDA:264,20,1,0
BRDA:264,21,0,0
BRDA:264,21,1,0
BRDA:294,22,0,0
BRDA:301,23,0,0
BRDA:301,23,1,0
BRDA:301,23,2,0
BRDA:301,24,0,0
BRDA:301,24,1,0
BRDA:301,25,0,0
BRDA:301,25,1,0
BRDA:320,26,0,0
BRDA:320,27,0,0
BRDA:320,27,1,0
BRDA:325,28,0,0
BRDA:325,28,1,0
BRDA:331,29,0,0
BRDA:331,29,1,0
BRDA:339,30,0,0
BRDA:339,30,1,0
BRDA:339,31,0,0
BRDA:339,31,1,0
BRDA:352,32,0,0
BRDA:361,33,0,0
BRDA:361,33,1,0
BRDA:361,34,0,0
BRDA:361,34,1,0
BRDA:362,35,0,0
BRDA:362,35,1,0
BRDA:362,36,0,0
BRDA:362,36,1,0
BRDA:381,37,0,0
BRDA:381,37,1,0
BRDA:381,38,0,0
BRDA:381,38,1,0
BRDA:387,39,0,0
BRDA:387,39,1,0
BRDA:387,40,0,0
BRDA:387,40,1,0
BRDA:400,41,0,0
BRDA:400,41,1,0
BRDA:400,42,0,0
BRDA:400,42,1,0
BRDA:401,43,0,0
BRDA:429,44,0,0
BRDA:435,45,0,0
BRDA:435,45,1,0
BRDA:445,46,0,0
BRDA:445,46,1,0
BRDA:445,47,0,0
BRDA:445,47,1,0
BRDA:446,48,0,0
BRDA:447,49,0,0
BRDA:448,50,0,0
BRDA:449,51,0,0
BRDA:450,52,0,0
BRDA:451,53,0,0
BRF:98
BRH:8
end_of_record
